<?xml version="1.0" encoding="UTF-8"?>
<!-- Generated by org.testng.reporters.JUnitReportReporter -->
<testsuite hostname="Norgics-MacBook-Pro.local" failures="0" tests="15" name="page.testcases.VdotokHomePageTest" time="195.339" errors="0" timestamp="2023-01-06T01:41:41 PKT" skipped="0">
  <testcase classname="page.testcases.VdotokHomePageTest" name="test_docs" time="18.295"/>
  <system-out/>
  <testcase classname="page.testcases.VdotokHomePageTest" name="test_usecase" time="19.061"/>
  <system-out/>
  <testcase classname="page.testcases.VdotokHomePageTest" name="test_logo" time="9.944"/>
  <system-out/>
  <testcase classname="page.testcases.VdotokHomePageTest" name="test_pricing" time="9.462"/>
  <system-out/>
  <testcase classname="page.testcases.VdotokHomePageTest" name="test_blogs" time="15.967"/>
  <system-out/>
  <testcase classname="page.testcases.VdotokHomePageTest" name="test_loginbtn" time="12.660"/>
  <system-out/>
  <testcase classname="page.testcases.VdotokHomePageTest" name="test_try_hdr_btn" time="12.685"/>
  <system-out/>
  <testcase classname="page.testcases.VdotokHomePageTest" name="test_image_section_txt" time="11.821"/>
  <system-out/>
  <testcase classname="page.testcases.VdotokHomePageTest" name="test_right_image" time="12.525"/>
  <system-out/>
  <testcase classname="page.testcases.VdotokHomePageTest" name="test_smooth_toggle" time="12.006"/>
  <system-out/>
  <testcase classname="page.testcases.VdotokHomePageTest" name="test_smooth_txt" time="10.730"/>
  <system-out/>
  <testcase classname="page.testcases.VdotokHomePageTest" name="test_scalable_toggle" time="11.035"/>
  <system-out/>
  <testcase classname="page.testcases.VdotokHomePageTest" name="test_scalable_txt" time="13.785"/>
  <system-out/>
  <testcase classname="page.testcases.VdotokHomePageTest" name="test_secure_toggle" time="12.840"/>
  <system-out/>
  <testcase classname="page.testcases.VdotokHomePageTest" name="test_secure_txt" time="12.523"/>
  <system-out/>
</testsuite> <!-- page.testcases.VdotokHomePageTest -->
