<?xml version="1.0" encoding="UTF-8"?>
<!-- Generated by org.testng.reporters.JUnitReportReporter -->
<testsuite hostname="Norgics-MacBook-Pro.local" failures="0" tests="1" name="page.testcases.TestWelcomePage" time="15.966" errors="0" timestamp="2023-01-03T12:45:53 PKT" skipped="0">
  <testcase classname="page.testcases.TestWelcomePage" name="testWelcomePage" time="15.966"/>
  <system-out/>
</testsuite> <!-- page.testcases.TestWelcomePage -->
