<?xml version="1.0" encoding="UTF-8"?>
<!-- Generated by org.testng.reporters.JUnitReportReporter -->
<testsuite skipped="0" hostname="Aleems-MacBook-Pro.local" name="page.testcases.selenoidDemo" tests="1" failures="0" timestamp="2022-12-06T18:13:07 PKT" time="540.734" errors="0">
  <testcase name="testDemo" time="540.734" classname="page.testcases.selenoidDemo"/>
  <system-out/>
</testsuite> <!-- page.testcases.selenoidDemo -->
